<?xml version="1.0" encoding="UTF-8"?>
<!-- Generated by org.testng.reporters.JUnitXMLReporter -->
<testsuite hostname="DESKTOP-M01B47M" ignored="0" name="Testing Parameterization" tests="4" failures="0" timestamp="12 Jan 2023 18:41:02 GMT" time="116.3" errors="0">
  <testcase name="testCaseOne" time="0.022" classname="advancetestng.Parameterization"/>
  <testcase name="testCaseThree" time="0.0" classname="advancetestng.Parameterization"/>
  <testcase name="testCaseTwo" time="0.0" classname="advancetestng.Parameterization"/>
  <testcase name="testLoginOfVtiger" time="116.203" classname="advancetestng.Parameterization"/>
</testsuite> <!-- Testing Parameterization -->
