<?xml version="1.0" encoding="UTF-8"?>
<!-- Generated by org.testng.reporters.JUnitXMLReporter -->
<testsuite hostname="DESKTOP-M01B47M" ignored="3" name="testing" tests="2" failures="0" timestamp="12 Jan 2023 18:12:09 GMT" time="0.291" errors="0">
  <testcase name="testCaseFive" time="0.015" classname="advancetestng.GroupExample"/>
  <testcase name="testCaseThree" time="0.0" classname="advancetestng.GroupExample"/>
  <testcase name="testCaseOne" time="0.0" classname="advancetestng.GroupExample">
    <ignored/>
  </testcase> <!-- testCaseOne -->
  <testcase name="testCaseFour" time="0.0" classname="advancetestng.GroupExample">
    <ignored/>
  </testcase> <!-- testCaseFour -->
  <testcase name="testCaseTwo" time="0.0" classname="advancetestng.GroupExample">
    <ignored/>
  </testcase> <!-- testCaseTwo -->
</testsuite> <!-- testing -->
