<?xml version="1.0" encoding="UTF-8"?>
<testng-results skipped="0" failed="0" ignored="0" total="2" passed="2">
  <reporter-output>
  </reporter-output>
  <suite name="Default suite" duration-ms="52964" started-at="2023-01-20T12:21:37Z" finished-at="2023-01-20T12:22:30Z">
    <groups>
    </groups>
    <test name="Default test" duration-ms="52964" started-at="2023-01-20T12:21:37Z" finished-at="2023-01-20T12:22:30Z">
      <class name="exdentreport.ExtentDemo">
        <test-method status="PASS" signature="startTest()[pri:0, instance:exdentreport.ExtentDemo@7f552bd3]" name="startTest" is-config="true" duration-ms="875" started-at="2023-01-20T12:21:37Z" finished-at="2023-01-20T12:21:38Z">
          <reporter-output>
          </reporter-output>
        </test-method> <!-- startTest -->
        <test-method status="PASS" signature="TestCase1()[pri:0, instance:exdentreport.ExtentDemo@7f552bd3]" name="TestCase1" duration-ms="39587" started-at="2023-01-20T12:21:38Z" finished-at="2023-01-20T12:22:18Z">
          <reporter-output>
          </reporter-output>
        </test-method> <!-- TestCase1 -->
        <test-method status="PASS" signature="getResult(org.testng.ITestResult)[pri:0, instance:exdentreport.ExtentDemo@7f552bd3]" name="getResult" is-config="true" duration-ms="7" started-at="2023-01-20T12:22:18Z" finished-at="2023-01-20T12:22:18Z">
          <params>
            <param index="0">
              <value>
                <![CDATA[[TestResult name=TestCase1 status=SUCCESS method=ExtentDemo.TestCase1()[pri:0, instance:exdentreport.ExtentDemo@7f552bd3] output={null}]]]>
              </value>
            </param>
          </params>
          <reporter-output>
          </reporter-output>
        </test-method> <!-- getResult -->
        <test-method status="PASS" signature="TestCase2()[pri:0, instance:exdentreport.ExtentDemo@7f552bd3]" name="TestCase2" duration-ms="11720" started-at="2023-01-20T12:22:18Z" finished-at="2023-01-20T12:22:30Z">
          <reporter-output>
          </reporter-output>
        </test-method> <!-- TestCase2 -->
        <test-method status="PASS" signature="getResult(org.testng.ITestResult)[pri:0, instance:exdentreport.ExtentDemo@7f552bd3]" name="getResult" is-config="true" duration-ms="0" started-at="2023-01-20T12:22:30Z" finished-at="2023-01-20T12:22:30Z">
          <params>
            <param index="0">
              <value>
                <![CDATA[[TestResult name=TestCase2 status=SUCCESS method=ExtentDemo.TestCase2()[pri:0, instance:exdentreport.ExtentDemo@7f552bd3] output={null}]]]>
              </value>
            </param>
          </params>
          <reporter-output>
          </reporter-output>
        </test-method> <!-- getResult -->
        <test-method status="PASS" signature="endTest()[pri:0, instance:exdentreport.ExtentDemo@7f552bd3]" name="endTest" is-config="true" duration-ms="740" started-at="2023-01-20T12:22:30Z" finished-at="2023-01-20T12:22:30Z">
          <reporter-output>
          </reporter-output>
        </test-method> <!-- endTest -->
      </class> <!-- exdentreport.ExtentDemo -->
    </test> <!-- Default test -->
  </suite> <!-- Default suite -->
</testng-results>
