<?xml version="1.0" encoding="UTF-8"?>
<!-- Generated by org.testng.reporters.JUnitXMLReporter -->
<testsuite hostname="DESKTOP-M01B47M" ignored="1" name="Method Test Cases" tests="2" failures="0" timestamp="12 Jan 2023 18:13:01 GMT" time="0.066" errors="0">
  <testcase name="addLocationTestCase" time="0.016" classname="advancetestng.IncludeAndExcludeTestMethods"/>
  <testcase name="addDepartmentTestCase" time="0.0" classname="advancetestng.IncludeAndExcludeTestMethods"/>
  <testcase name="addEmployeeTestCase" time="0.0" classname="advancetestng.IncludeAndExcludeTestMethods">
    <ignored/>
  </testcase> <!-- addEmployeeTestCase -->
</testsuite> <!-- Method Test Cases -->
